[{"stream_name":"stdout","time":24.828252712,"data":"=== /kaggle/input contents ===\n"}
,{"stream_name":"stdout","time":24.828297656,"data":"  /kaggle/input: dirs=['competitions', 'models'] files=[]\n"}
,{"stream_name":"stdout","time":24.828342951,"data":"  /kaggle/input/competitions: dirs=['nvidia-nemotron-model-reasoning-challenge'] files=[]\n"}
,{"stream_name":"stdout","time":24.828950226,"data":"  /kaggle/input/competitions/nvidia-nemotron-model-reasoning-challenge: dirs=[] files=['train.csv', 'test.csv']\n"}
,{"stream_name":"stdout","time":24.828990829,"data":"  /kaggle/input/models: dirs=['metric'] files=[]\n"}
,{"stream_name":"stdout","time":24.829065957,"data":"  /kaggle/input/models/metric: dirs=['nemotron-3-nano-30b-a3b-bf16'] files=[]\n"}
,{"stream_name":"stdout","time":24.829073077,"data":"  /kaggle/input/models/metric/nemotron-3-nano-30b-a3b-bf16: dirs=['transformers'] files=[]\n"}
,{"stream_name":"stdout","time":24.829077646000002,"data":"=== end mount listing ===\n"}
,{"stream_name":"stdout","time":24.831385703,"data":"=== Found model dir: /kaggle/input/models/metric/nemotron-3-nano-30b-a3b-bf16/transformers/default/1 ===\n"}
,{"stream_name":"stdout","time":24.83140359,"data":"Loading model: /kaggle/input/models/metric/nemotron-3-nano-30b-a3b-bf16/transformers/default/1\n"}
,{"stream_name":"stdout","time":24.831410543,"data":"No training data provided or path does not exist.\n"}
,{"stream_name":"stdout","time":24.836058878,"data":"The repository /kaggle/input/models/metric/nemotron-3-nano-30b-a3b-bf16/transformers/default/1 contains custom code which must be executed to correctly load the model. You can inspect the repository content at /kaggle/input/models/metric/nemotron-3-nano-30b-a3b-bf16/transformers/default/1 .\n"}
,{"stream_name":"stdout","time":24.836078507,"data":" You can inspect the repository content at https://hf.co//kaggle/input/models/metric/nemotron-3-nano-30b-a3b-bf16/transformers/default/1.\n"}
,{"stream_name":"stdout","time":24.836084118,"data":"You can avoid this prompt in future by passing the argument `trust_remote_code=True`.\n"}
,{"stream_name":"stdout","time":24.836088509,"data":"\n"}
,{"stream_name":"stderr","time":24.83622721,"data":"Traceback (most recent call last):\n"}
,{"stream_name":"stderr","time":24.83623371,"data":"  File \"/usr/local/lib/python3.12/dist-packages/transformers/dynamic_module_utils.py\", line 724, in resolve_trust_remote_code\n"}
,{"stream_name":"stderr","time":24.836582616,"data":"    answer = input(\n"}
,{"stream_name":"stderr","time":24.836589388,"data":"             ^^^^^^\n"}
,{"stream_name":"stderr","time":24.836592967,"data":"EOFError: EOF when reading a line\n"}
,{"stream_name":"stderr","time":24.836611697,"data":"\n"}
,{"stream_name":"stderr","time":24.836614431,"data":"During handling of the above exception, another exception occurred:\n"}
,{"stream_name":"stderr","time":24.836616922,"data":"\n"}
,{"stream_name":"stderr","time":24.83661902,"data":"Traceback (most recent call last):\n"}
,{"stream_name":"stderr","time":24.836641508,"data":"  File \"/kaggle/src/script.py\", line 301, in \u003cmodule\u003e\n"}
,{"stream_name":"stderr","time":24.836869271,"data":"    run_training(rank=args.rank, smoke=args.smoke, data_path=args.data)\n"}
,{"stream_name":"stderr","time":24.836884577,"data":"  File \"/kaggle/src/script.py\", line 102, in run_training\n"}
,{"stream_name":"stderr","time":24.8370669,"data":"    model = AutoModelForCausalLM.from_pretrained(\n"}
,{"stream_name":"stderr","time":24.837126243,"data":"            ^^^^^^^^^^^^^^^^^^^^^^^^^^^^^^^^^^^^^\n"}
,{"stream_name":"stderr","time":24.837140987,"data":"  File \"/usr/local/lib/python3.12/dist-packages/transformers/models/auto/auto_factory.py\", line 317, in from_pretrained\n"}
,{"stream_name":"stderr","time":24.837378582,"data":"    config, kwargs = AutoConfig.from_pretrained(\n"}
,{"stream_name":"stderr","time":24.83742729,"data":"                     ^^^^^^^^^^^^^^^^^^^^^^^^^^^\n"}
,{"stream_name":"stderr","time":24.837439838999998,"data":"  File \"/usr/local/lib/python3.12/dist-packages/transformers/models/auto/configuration_auto.py\", line 1365, in from_pretrained\n"}
,{"stream_name":"stderr","time":24.837836901,"data":"    trust_remote_code = resolve_trust_remote_code(\n"}
,{"stream_name":"stderr","time":24.837925739,"data":"                        ^^^^^^^^^^^^^^^^^^^^^^^^^^\n"}
,{"stream_name":"stderr","time":24.838018531,"data":"  File \"/usr/local/lib/python3.12/dist-packages/transformers/dynamic_module_utils.py\", line 736, in resolve_trust_remote_code\n"}
,{"stream_name":"stderr","time":24.838277731,"data":"    raise ValueError(\n"}
,{"stream_name":"stderr","time":24.838285523,"data":"ValueError: The repository /kaggle/input/models/metric/nemotron-3-nano-30b-a3b-bf16/transformers/default/1 contains custom code which must be executed to correctly load the model. You can inspect the repository content at /kaggle/input/models/metric/nemotron-3-nano-30b-a3b-bf16/transformers/default/1 .\n"}
,{"stream_name":"stderr","time":24.838290462,"data":" You can inspect the repository content at https://hf.co//kaggle/input/models/metric/nemotron-3-nano-30b-a3b-bf16/transformers/default/1.\n"}
,{"stream_name":"stderr","time":24.838294604,"data":"Please pass the argument `trust_remote_code=True` to allow custom code to be run.\n"}
,{"stream_name":"stderr","time":29.094099068,"data":"/usr/local/lib/python3.12/dist-packages/mistune.py:435: SyntaxWarning: invalid escape sequence '\\|'\n"}
,{"stream_name":"stderr","time":29.094140818,"data":"  cells[i][c] = re.sub('\\\\\\\\\\|', '|', cell)\n"}
,{"stream_name":"stderr","time":29.299100195,"data":"/usr/local/lib/python3.12/dist-packages/nbconvert/filters/filter_links.py:36: SyntaxWarning: invalid escape sequence '\\_'\n"}
,{"stream_name":"stderr","time":29.299131687,"data":"  text = re.sub(r'_', '\\_', text) # Escape underscores in display text\n"}
,{"stream_name":"stderr","time":29.947486347,"data":"[NbConvertApp] Converting notebook __script__.ipynb to html\n"}
,{"stream_name":"stderr","time":31.106560979,"data":"[NbConvertApp] Writing 348297 bytes to __results__.html\n"}
,{"stream_name":"stdout","time":31.68390986,"data":"Do you wish to run the custom code? [y/N] "}
]